-------------------------------------------------------------------------------
Test set: tddapp.TestAccountApp
-------------------------------------------------------------------------------
Tests run: 7, Failures: 6, Errors: 0, Skipped: 0, Time elapsed: 0.096 sec <<< FAILURE!
tddapp.TestAccountApp.testCreateAccount()  Time elapsed: 0.08 sec  <<< FAILURE!
java.lang.NoClassDefFoundError: org/junit/Assert
	at tddapp.TestAccountApp.testCreateAccount(TestAccountApp.java:15)
Caused by: java.lang.ClassNotFoundException: org.junit.Assert
	at java.net.URLClassLoader.findClass(URLClassLoader.java:381)
	at java.lang.ClassLoader.loadClass(ClassLoader.java:424)
	at sun.misc.Launcher$AppClassLoader.loadClass(Launcher.java:335)
	at java.lang.ClassLoader.loadClass(ClassLoader.java:357)
	... 19 more

tddapp.TestAccountApp.testAccountIDNotNull()  Time elapsed: 0 sec  <<< FAILURE!
java.lang.NoClassDefFoundError: org/junit/Assert
	at tddapp.TestAccountApp.testAccountIDNotNull(TestAccountApp.java:22)

tddapp.TestAccountApp.testAccountIDLength()  Time elapsed: 0.008 sec  <<< FAILURE!
java.lang.NoClassDefFoundError: org/junit/Assert
	at tddapp.TestAccountApp.testAccountIDLength(TestAccountApp.java:37)

tddapp.TestAccountApp.testAccountNonNegative()  Time elapsed: 0 sec  <<< FAILURE!
java.lang.NoClassDefFoundError: org/junit/Assert
	at tddapp.TestAccountApp.testAccountNonNegative(TestAccountApp.java:49)

tddapp.TestAccountApp.testAccountStartsWith9()  Time elapsed: 0.001 sec  <<< FAILURE!
java.lang.NoClassDefFoundError: org/junit/Assert
	at tddapp.TestAccountApp.testAccountStartsWith9(TestAccountApp.java:55)

tddapp.TestAccountApp.testAccountIDasImmutable()  Time elapsed: 0 sec  <<< FAILURE!
java.lang.NoClassDefFoundError: org/junit/Assert
	at tddapp.TestAccountApp.testAccountIDasImmutable(TestAccountApp.java:63)

